<?xml version="1.0" encoding="UTF-8"?>
<testsuite xmlns:xsi="http://www.w3.org/2001/XMLSchema-instance" xsi:noNamespaceSchemaLocation="https://maven.apache.org/surefire/maven-surefire-plugin/xsd/surefire-test-report.xsd" name="com.phoenix.services.CalculatorServiceTest" time="0.008" tests="1" errors="0" skipped="0" failures="1">
  <properties>
[...]
</properties>
  <testcase name="testAddition" classname="com.phoenix.services.CalculatorServiceTest" time="0.007">
    <failure message="expected:&lt;30&gt; but was:&lt;20&gt;" type="java.lang.AssertionError"><![CDATA[java.lang.AssertionError: expected:<30> but was:<20>
	at com.phoenix.services.CalculatorServiceTest.testAddition(CalculatorServiceTest.java:21)
]]></failure>
  </testcase>
</testsuite>